[2015-06-09 16:34:33.032] [DISPLAY] Using DPI 96
[2015-06-09 16:34:33.060] [DISPLAY] File version 10000:15e0001 (for G:\SteamLibrary\steamapps\common\Grand Theft Auto V\GTA5.exe)
[2015-06-09 16:34:33.104] [DISPLAY] File version 10001:50008 (for C:\Program Files\Rockstar Games\Social Club\socialclub.dll)
[2015-06-09 16:34:33.117] [DISPLAY] File version 10000:15e0001 (for G:\SteamLibrary\steamapps\common\Grand Theft Auto V\GTAVLauncher.exe)
[2015-06-09 16:34:33.119] [DISPLAY] Version: |1.0.350.1|1.1.5.8|1.0.350.1|FSP
[2015-06-09 16:34:33.584] [DISPLAY] Could not open process 3368.
[2015-06-09 16:34:33.588] [DISPLAY] 'in-3368' - orphaned in-file.
[2015-06-09 16:34:33.607] [DISPLAY] OS version: Major: 6, Minor: 2, Build: 9200, Platform: 2
[2015-06-09 16:34:42.367] [DISPLAY] Social Club initializing...
[2015-06-09 16:34:42.843] [DISPLAY] Attempting to create device...
[2015-06-09 16:34:42.845] [DISPLAY] Attempting to initialise DX9 COM object...
[2015-06-09 16:34:42.850] [DISPLAY] Window size: 690 x 496
[2015-06-09 16:34:42.869] [DISPLAY] Successfully created DX Device!
[2015-06-09 16:35:10.608] [DISPLAY] Launching game...
[2015-06-09 16:35:10.609] [DISPLAY] (path: G:\SteamLibrary\steamapps\common\Grand Theft Auto V\GTA5.exe cmdline: "G:\SteamLibrary\steamapps\common\Grand Theft Auto V\GTA5.exe")
[2015-06-09 16:35:16.123] [WARNING] Device lost.
[2015-06-09 16:35:16.124] [WARNING] Resetting device...
[2015-06-09 16:35:16.338] [WARNING] Reset failed with D3DERR_DEVICELOST.
[2015-06-09 16:52:43.587] [WARNING] Resetting device...
[2015-06-09 16:52:43.686] [DISPLAY] Reset succeeded.
[2015-06-09 16:52:57.038] [WARNING] Device lost.
[2015-06-09 16:52:57.040] [WARNING] Resetting device...
[2015-06-09 16:52:57.181] [WARNING] Reset failed with D3DERR_DEVICELOST.
[2015-06-09 16:55:24.568] [ ERROR ] GameComm: ReadFile failed.
[2015-06-09 16:55:25.509] [WARNING] Resetting device...
[2015-06-09 16:55:25.534] [DISPLAY] Reset succeeded.
[2015-06-09 16:55:26.762] [DISPLAY] Reset succeeded.
[2015-06-09 16:55:26.911] [DISPLAY] Game exited with code 0
[2015-06-09 16:55:29.000] [DISPLAY] Uninitializing.
